<?xml version="1.0" encoding="utf-8"?><testsuites name="pytest tests"><testsuite name="pytest" errors="0" failures="0" skipped="0" tests="43" time="5.623" timestamp="2025-10-08T01:33:50.540106+00:00" hostname="f54dcf25b436"><testcase classname="tests.test_app" name="test_read_main" time="0.015" /><testcase classname="tests.test_app" name="test_health_check" time="0.006" /><testcase classname="tests.test_app" name="test_create_registration[test1@example.com-test user 1-testpassword1-None]" time="0.268" /><testcase classname="tests.test_app" name="test_create_registration[test2@example.com-test user 2-testpassword2-None]" time="0.229" /><testcase classname="tests.test_app" name="test_create_registration[test3@example.com-test user 3-testpassword3-None]" time="0.318" /><testcase classname="tests.test_app" name="test_create_registration[test4@example.com-test user 4-testpassword4-None]" time="0.227" /><testcase classname="tests.test_app" name="test_create_registration[test5@example.com-test user 5-testpassword5-None]" time="0.216" /><testcase classname="tests.test_app" name="test_create_registration[test6@example.com-test user 6-testpassword6-None]" time="0.215" /><testcase classname="tests.test_app" name="test_create_registration[test7@example.com-test user 7-testpassword7-None]" time="0.215" /><testcase classname="tests.test_app" name="test_create_registration[test8@example.com-test user 8-testpassword8-None]" time="0.208" /><testcase classname="tests.test_app" name="test_create_registration[test9@example.com-test user 9-testpassword9-None]" time="0.208" /><testcase classname="tests.test_app" name="test_create_registration[test10@example.com-test user 10-testpassword10-None]" time="0.211" /><testcase classname="tests.test_app" name="test_user_login[test1@example.com-test user 1-testpassword1-None]" time="0.202" /><testcase classname="tests.test_app" name="test_user_login[test2@example.com-test user 2-testpassword2-None]" time="0.206" /><testcase classname="tests.test_app" name="test_user_login[test3@example.com-test user 3-testpassword3-None]" time="0.211" /><testcase classname="tests.test_app" name="test_user_login[test4@example.com-test user 4-testpassword4-None]" time="0.205" /><testcase classname="tests.test_app" name="test_user_login[test5@example.com-test user 5-testpassword5-None]" time="0.210" /><testcase classname="tests.test_app" name="test_user_login[test6@example.com-test user 6-testpassword6-None]" time="0.209" /><testcase classname="tests.test_app" name="test_user_login[test7@example.com-test user 7-testpassword7-None]" time="0.211" /><testcase classname="tests.test_app" name="test_user_login[test8@example.com-test user 8-testpassword8-None]" time="0.209" /><testcase classname="tests.test_app" name="test_user_login[test9@example.com-test user 9-testpassword9-None]" time="0.203" /><testcase classname="tests.test_app" name="test_user_login[test10@example.com-test user 10-testpassword10-None]" time="0.199" /><testcase classname="tests.test_app" name="test_add_candidate[1-Candidate 1-Party A]" time="0.028" /><testcase classname="tests.test_app" name="test_add_candidate[2-Candidate 2-Party B]" time="0.017" /><testcase classname="tests.test_app" name="test_add_candidate[3-Candidate 3-Party C]" time="0.015" /><testcase classname="tests.test_app" name="test_add_candidate[4-Candidate 4-Party D]" time="0.012" /><testcase classname="tests.test_app" name="test_add_candidate[5-Candidate 5-Party E]" time="0.010" /><testcase classname="tests.test_app" name="test_add_candidate[6-Candidate 6-Party F]" time="0.011" /><testcase classname="tests.test_app" name="test_add_candidate[7-Candidate 7-Party G]" time="0.011" /><testcase classname="tests.test_app" name="test_add_candidate[8-Candidate 8-Party H]" time="0.011" /><testcase classname="tests.test_app" name="test_add_candidate[9-Candidate 9-Party I]" time="0.011" /><testcase classname="tests.test_app" name="test_add_candidate[10-Candidate 10-Party J]" time="0.010" /><testcase classname="tests.test_app" name="test_cast_vote[1-1]" time="0.016" /><testcase classname="tests.test_app" name="test_cast_vote[2-1]" time="0.016" /><testcase classname="tests.test_app" name="test_cast_vote[3-3]" time="0.014" /><testcase classname="tests.test_app" name="test_cast_vote[4-3]" time="0.016" /><testcase classname="tests.test_app" name="test_cast_vote[5-3]" time="0.014" /><testcase classname="tests.test_app" name="test_cast_vote[6-9]" time="0.013" /><testcase classname="tests.test_app" name="test_cast_vote[7-9]" time="0.012" /><testcase classname="tests.test_app" name="test_cast_vote[8-1]" time="0.013" /><testcase classname="tests.test_app" name="test_cast_vote[9-2]" time="0.012" /><testcase classname="tests.test_app" name="test_cast_vote[10-10]" time="0.013" /><testcase classname="tests.test_app" name="test_get_vote_counts" time="0.007" /></testsuite></testsuites>